ERROR - 2022-11-08 13:21:19 --> Error connecting to the database: mysqli_sql_exception: No connection could be made because the target machine actively refused it in D:\MyProjects\LearnDev\test\learnCi4\system\Database\MySQLi\Connection.php:171
Stack trace:
#0 D:\MyProjects\LearnDev\test\learnCi4\system\Database\MySQLi\Connection.php(171): mysqli->real_connect('localhost', 'root', '', 'codeigniter4_db', 3306, '', 0)
#1 D:\MyProjects\LearnDev\test\learnCi4\system\Database\BaseConnection.php(382): CodeIgniter\Database\MySQLi\Connection->connect(false)
#2 D:\MyProjects\LearnDev\test\learnCi4\system\Database\BaseConnection.php(561): CodeIgniter\Database\BaseConnection->initialize()
#3 D:\MyProjects\LearnDev\test\learnCi4\system\Database\BaseBuilder.php(1585): CodeIgniter\Database\BaseConnection->query('SELECT *\nFROM `...', Array, false)
#4 D:\MyProjects\LearnDev\test\learnCi4\system\Model.php(223): CodeIgniter\Database\BaseBuilder->get()
#5 D:\MyProjects\LearnDev\test\learnCi4\system\BaseModel.php(585): CodeIgniter\Model->doFindAll(0, 0)
#6 D:\MyProjects\LearnDev\test\learnCi4\app\Models\GenerateShortUrlModel.php(49): CodeIgniter\BaseModel->findAll()
#7 D:\MyProjects\LearnDev\test\learnCi4\app\Controllers\Home.php(20): App\Models\GenerateShortUrlModel->getAll()
#8 D:\MyProjects\LearnDev\test\learnCi4\app\Controllers\Home.php(12): App\Controllers\Home->getAllUrl()
#9 D:\MyProjects\LearnDev\test\learnCi4\system\CodeIgniter.php(927): App\Controllers\Home->index()
#10 D:\MyProjects\LearnDev\test\learnCi4\system\CodeIgniter.php(482): CodeIgniter\CodeIgniter->runController(Object(App\Controllers\Home))
#11 D:\MyProjects\LearnDev\test\learnCi4\system\CodeIgniter.php(351): CodeIgniter\CodeIgniter->handleRequest(NULL, Object(Config\Cache), false)
#12 D:\MyProjects\LearnDev\test\learnCi4\public\index.php(67): CodeIgniter\CodeIgniter->run()
#13 D:\MyProjects\LearnDev\test\learnCi4\system\Commands\Server\rewrite.php(46): require_once('D:\\MyProjects\\L...')
#14 {main}

Next CodeIgniter\Database\Exceptions\DatabaseException: No connection could be made because the target machine actively refused it in D:\MyProjects\LearnDev\test\learnCi4\system\Database\MySQLi\Connection.php:215
Stack trace:
#0 D:\MyProjects\LearnDev\test\learnCi4\system\Database\BaseConnection.php(382): CodeIgniter\Database\MySQLi\Connection->connect(false)
#1 D:\MyProjects\LearnDev\test\learnCi4\system\Database\BaseConnection.php(561): CodeIgniter\Database\BaseConnection->initialize()
#2 D:\MyProjects\LearnDev\test\learnCi4\system\Database\BaseBuilder.php(1585): CodeIgniter\Database\BaseConnection->query('SELECT *\nFROM `...', Array, false)
#3 D:\MyProjects\LearnDev\test\learnCi4\system\Model.php(223): CodeIgniter\Database\BaseBuilder->get()
#4 D:\MyProjects\LearnDev\test\learnCi4\system\BaseModel.php(585): CodeIgniter\Model->doFindAll(0, 0)
#5 D:\MyProjects\LearnDev\test\learnCi4\app\Models\GenerateShortUrlModel.php(49): CodeIgniter\BaseModel->findAll()
#6 D:\MyProjects\LearnDev\test\learnCi4\app\Controllers\Home.php(20): App\Models\GenerateShortUrlModel->getAll()
#7 D:\MyProjects\LearnDev\test\learnCi4\app\Controllers\Home.php(12): App\Controllers\Home->getAllUrl()
#8 D:\MyProjects\LearnDev\test\learnCi4\system\CodeIgniter.php(927): App\Controllers\Home->index()
#9 D:\MyProjects\LearnDev\test\learnCi4\system\CodeIgniter.php(482): CodeIgniter\CodeIgniter->runController(Object(App\Controllers\Home))
#10 D:\MyProjects\LearnDev\test\learnCi4\system\CodeIgniter.php(351): CodeIgniter\CodeIgniter->handleRequest(NULL, Object(Config\Cache), false)
#11 D:\MyProjects\LearnDev\test\learnCi4\public\index.php(67): CodeIgniter\CodeIgniter->run()
#12 D:\MyProjects\LearnDev\test\learnCi4\system\Commands\Server\rewrite.php(46): require_once('D:\\MyProjects\\L...')
#13 {main}
CRITICAL - 2022-11-08 13:21:19 --> Unable to connect to the database.
Main connection [MySQLi]: No connection could be made because the target machine actively refused it
in SYSTEMPATH\Database\BaseConnection.php on line 418.
 1 SYSTEMPATH\Database\BaseConnection.php(561): CodeIgniter\Database\BaseConnection->initialize()
 2 SYSTEMPATH\Database\BaseBuilder.php(1585): CodeIgniter\Database\BaseConnection->query('SELECT *
FROM `short_urls`', [], false)
 3 SYSTEMPATH\Model.php(223): CodeIgniter\Database\BaseBuilder->get()
 4 SYSTEMPATH\BaseModel.php(585): CodeIgniter\Model->doFindAll(0, 0)
 5 APPPATH\Models\GenerateShortUrlModel.php(49): CodeIgniter\BaseModel->findAll()
 6 APPPATH\Controllers\Home.php(20): App\Models\GenerateShortUrlModel->getAll()
 7 APPPATH\Controllers\Home.php(12): App\Controllers\Home->getAllUrl()
 8 SYSTEMPATH\CodeIgniter.php(927): App\Controllers\Home->index()
 9 SYSTEMPATH\CodeIgniter.php(482): CodeIgniter\CodeIgniter->runController(Object(App\Controllers\Home))
10 SYSTEMPATH\CodeIgniter.php(351): CodeIgniter\CodeIgniter->handleRequest(null, Object(Config\Cache), false)
11 FCPATH\index.php(67): CodeIgniter\CodeIgniter->run()
12 SYSTEMPATH\Commands\Server\rewrite.php(46): require_once('FCPATH\\index.php')
CRITICAL - 2022-11-08 14:15:28 --> Too few arguments to function App\Controllers\Home::redirectUrl(), 0 passed in D:\MyProjects\LearnDev\test\learnCi4\system\CodeIgniter.php on line 927 and exactly 1 expected
in APPPATH\Controllers\Home.php on line 31.
 1 SYSTEMPATH\CodeIgniter.php(927): App\Controllers\Home->redirectUrl()
 2 SYSTEMPATH\CodeIgniter.php(482): CodeIgniter\CodeIgniter->runController(Object(App\Controllers\Home))
 3 SYSTEMPATH\CodeIgniter.php(351): CodeIgniter\CodeIgniter->handleRequest(null, Object(Config\Cache), false)
 4 FCPATH\index.php(67): CodeIgniter\CodeIgniter->run()
 5 SYSTEMPATH\Commands\Server\rewrite.php(46): require_once('FCPATH\\index.php')
CRITICAL - 2022-11-08 14:18:03 --> Array to string conversion
in APPPATH\Controllers\Home.php on line 35.
 1 APPPATH\Controllers\Home.php(35): CodeIgniter\Debug\Exceptions->errorHandler(2, 'Array to string conversion', 'APPPATH\\Controllers\\Home.php', 35)
 2 SYSTEMPATH\CodeIgniter.php(927): App\Controllers\Home->redirectUrl('K0yqFq8')
 3 SYSTEMPATH\CodeIgniter.php(482): CodeIgniter\CodeIgniter->runController(Object(App\Controllers\Home))
 4 SYSTEMPATH\CodeIgniter.php(351): CodeIgniter\CodeIgniter->handleRequest(null, Object(Config\Cache), false)
 5 FCPATH\index.php(67): CodeIgniter\CodeIgniter->run()
 6 SYSTEMPATH\Commands\Server\rewrite.php(46): require_once('FCPATH\\index.php')
CRITICAL - 2022-11-08 14:20:50 --> The route for "www.google.com" cannot be found.
in SYSTEMPATH\HTTP\RedirectResponse.php on line 60.
 1 SYSTEMPATH\HTTP\RedirectResponse.php(60): CodeIgniter\HTTP\Exceptions\HTTPException::forInvalidRedirectRoute('www.google.com')
 2 SYSTEMPATH\Common.php(860): CodeIgniter\HTTP\RedirectResponse->route(false)
 3 APPPATH\Controllers\Home.php(38): redirect('www.google.com', 'refresh')
 4 SYSTEMPATH\CodeIgniter.php(927): App\Controllers\Home->redirectUrl('K0yqFq8')
 5 SYSTEMPATH\CodeIgniter.php(482): CodeIgniter\CodeIgniter->runController(Object(App\Controllers\Home))
 6 SYSTEMPATH\CodeIgniter.php(351): CodeIgniter\CodeIgniter->handleRequest(null, Object(Config\Cache), false)
 7 FCPATH\index.php(67): CodeIgniter\CodeIgniter->run()
 8 SYSTEMPATH\Commands\Server\rewrite.php(46): require_once('FCPATH\\index.php')
CRITICAL - 2022-11-08 14:21:14 --> The route for "http://www.yahoo.com" cannot be found.
in SYSTEMPATH\HTTP\RedirectResponse.php on line 60.
 1 SYSTEMPATH\HTTP\RedirectResponse.php(60): CodeIgniter\HTTP\Exceptions\HTTPException::forInvalidRedirectRoute('http://www.yahoo.com')
 2 SYSTEMPATH\Common.php(860): CodeIgniter\HTTP\RedirectResponse->route(false)
 3 APPPATH\Controllers\Home.php(38): redirect('http://www.yahoo.com', 'refresh')
 4 SYSTEMPATH\CodeIgniter.php(927): App\Controllers\Home->redirectUrl('K0yqFq8')
 5 SYSTEMPATH\CodeIgniter.php(482): CodeIgniter\CodeIgniter->runController(Object(App\Controllers\Home))
 6 SYSTEMPATH\CodeIgniter.php(351): CodeIgniter\CodeIgniter->handleRequest(null, Object(Config\Cache), false)
 7 FCPATH\index.php(67): CodeIgniter\CodeIgniter->run()
 8 SYSTEMPATH\Commands\Server\rewrite.php(46): require_once('FCPATH\\index.php')
CRITICAL - 2022-11-08 14:21:15 --> The route for "http://www.yahoo.com" cannot be found.
in SYSTEMPATH\HTTP\RedirectResponse.php on line 60.
 1 SYSTEMPATH\HTTP\RedirectResponse.php(60): CodeIgniter\HTTP\Exceptions\HTTPException::forInvalidRedirectRoute('http://www.yahoo.com')
 2 SYSTEMPATH\Common.php(860): CodeIgniter\HTTP\RedirectResponse->route(false)
 3 APPPATH\Controllers\Home.php(38): redirect('http://www.yahoo.com', 'refresh')
 4 SYSTEMPATH\CodeIgniter.php(927): App\Controllers\Home->redirectUrl('K0yqFq8')
 5 SYSTEMPATH\CodeIgniter.php(482): CodeIgniter\CodeIgniter->runController(Object(App\Controllers\Home))
 6 SYSTEMPATH\CodeIgniter.php(351): CodeIgniter\CodeIgniter->handleRequest(null, Object(Config\Cache), false)
 7 FCPATH\index.php(67): CodeIgniter\CodeIgniter->run()
 8 SYSTEMPATH\Commands\Server\rewrite.php(46): require_once('FCPATH\\index.php')
CRITICAL - 2022-11-08 14:21:15 --> The route for "http://www.yahoo.com" cannot be found.
in SYSTEMPATH\HTTP\RedirectResponse.php on line 60.
 1 SYSTEMPATH\HTTP\RedirectResponse.php(60): CodeIgniter\HTTP\Exceptions\HTTPException::forInvalidRedirectRoute('http://www.yahoo.com')
 2 SYSTEMPATH\Common.php(860): CodeIgniter\HTTP\RedirectResponse->route(false)
 3 APPPATH\Controllers\Home.php(38): redirect('http://www.yahoo.com', 'refresh')
 4 SYSTEMPATH\CodeIgniter.php(927): App\Controllers\Home->redirectUrl('K0yqFq8')
 5 SYSTEMPATH\CodeIgniter.php(482): CodeIgniter\CodeIgniter->runController(Object(App\Controllers\Home))
 6 SYSTEMPATH\CodeIgniter.php(351): CodeIgniter\CodeIgniter->handleRequest(null, Object(Config\Cache), false)
 7 FCPATH\index.php(67): CodeIgniter\CodeIgniter->run()
 8 SYSTEMPATH\Commands\Server\rewrite.php(46): require_once('FCPATH\\index.php')
CRITICAL - 2022-11-08 14:21:15 --> The route for "http://www.yahoo.com" cannot be found.
in SYSTEMPATH\HTTP\RedirectResponse.php on line 60.
 1 SYSTEMPATH\HTTP\RedirectResponse.php(60): CodeIgniter\HTTP\Exceptions\HTTPException::forInvalidRedirectRoute('http://www.yahoo.com')
 2 SYSTEMPATH\Common.php(860): CodeIgniter\HTTP\RedirectResponse->route(false)
 3 APPPATH\Controllers\Home.php(38): redirect('http://www.yahoo.com', 'refresh')
 4 SYSTEMPATH\CodeIgniter.php(927): App\Controllers\Home->redirectUrl('K0yqFq8')
 5 SYSTEMPATH\CodeIgniter.php(482): CodeIgniter\CodeIgniter->runController(Object(App\Controllers\Home))
 6 SYSTEMPATH\CodeIgniter.php(351): CodeIgniter\CodeIgniter->handleRequest(null, Object(Config\Cache), false)
 7 FCPATH\index.php(67): CodeIgniter\CodeIgniter->run()
 8 SYSTEMPATH\Commands\Server\rewrite.php(46): require_once('FCPATH\\index.php')
CRITICAL - 2022-11-08 14:22:28 --> The route for "http://www.yahoo.com" cannot be found.
in SYSTEMPATH\HTTP\RedirectResponse.php on line 60.
 1 SYSTEMPATH\HTTP\RedirectResponse.php(60): CodeIgniter\HTTP\Exceptions\HTTPException::forInvalidRedirectRoute('http://www.yahoo.com')
 2 SYSTEMPATH\Common.php(860): CodeIgniter\HTTP\RedirectResponse->route(false)
 3 APPPATH\Controllers\Home.php(38): redirect('http://www.yahoo.com', 'refresh')
 4 SYSTEMPATH\CodeIgniter.php(927): App\Controllers\Home->redirectUrl('K0yqFq8')
 5 SYSTEMPATH\CodeIgniter.php(482): CodeIgniter\CodeIgniter->runController(Object(App\Controllers\Home))
 6 SYSTEMPATH\CodeIgniter.php(351): CodeIgniter\CodeIgniter->handleRequest(null, Object(Config\Cache), false)
 7 FCPATH\index.php(67): CodeIgniter\CodeIgniter->run()
 8 SYSTEMPATH\Commands\Server\rewrite.php(46): require_once('FCPATH\\index.php')
CRITICAL - 2022-11-08 14:29:12 --> CodeIgniter\HTTP\RedirectResponse::to(): Argument #2 ($code) must be of type ?int, string given, called in D:\MyProjects\LearnDev\test\learnCi4\app\Controllers\Home.php on line 37
in SYSTEMPATH\HTTP\RedirectResponse.php on line 32.
 1 APPPATH\Controllers\Home.php(37): CodeIgniter\HTTP\RedirectResponse->to('https://mynovel.co', '_blank')
 2 SYSTEMPATH\CodeIgniter.php(927): App\Controllers\Home->redirectUrl('V8fTfJd')
 3 SYSTEMPATH\CodeIgniter.php(482): CodeIgniter\CodeIgniter->runController(Object(App\Controllers\Home))
 4 SYSTEMPATH\CodeIgniter.php(351): CodeIgniter\CodeIgniter->handleRequest(null, Object(Config\Cache), false)
 5 FCPATH\index.php(67): CodeIgniter\CodeIgniter->run()
 6 SYSTEMPATH\Commands\Server\rewrite.php(46): require_once('FCPATH\\index.php')
